# JRE version: OpenJDK Runtime Environment Temurin-21.0.7+6 (21.0.7+6) (build 21.0.7+6-LTS)
# Java VM: OpenJDK 64-Bit Server VM Temurin-21.0.7+6 (21.0.7+6-LTS, mixed mode, sharing, tiered, compressed oops, compressed class ptrs, g1 gc, windows-amd64)
GC Precious Log:
 CardTable entry size: 512
 Card Set container configuration: InlinePtr #cards 4 size 8 Array Of Cards #cards 16 size 48 Howl #buckets 8 coarsen threshold 3686 Howl Bitmap #cards 512 size 80 coarsen threshold 460 Card regions per heap region 1 cards per card region 4096
 CPUs: 12 total, 12 available
 Memory: 15715M
 Large Page Support: Disabled
 NUMA Support: Disabled
 Compressed Oops: Enabled (Zero based)
 Heap Region Size: 2M
 Heap Min Capacity: 8M
 Heap Initial Capacity: 246M
 Heap Max Capacity: 3930M
 Pre-touch: Disabled
 Parallel Workers: 10
 Concurrent Workers: 3
 Concurrent Refinement Workers: 10
 Periodic GC: Disabled
Heap:
 garbage-first heap   total 83968K, used 41192K [0x000000070a600000, 0x0000000800000000)
  region size 2048K, 5 young (10240K), 3 survivors (6144K)
 Metaspace       used 85079K, committed 85824K, reserved 1179648K
  class space    used 11015K, committed 11328K, reserved 1048576K
GC Heap History (20 events):
Event: 5.296 GC heap before
{Heap before GC invocations=6 (full 0):
 garbage-first heap   total 65536K, used 49429K [0x000000070a600000, 0x0000000800000000)
  region size 2048K, 16 young (32768K), 2 survivors (4096K)
 Metaspace       used 34994K, committed 35584K, reserved 1114112K
  class space    used 4399K, committed 4672K, reserved 1048576K
}
Event: 5.299 GC heap after
{Heap after GC invocations=7 (full 0):
 garbage-first heap   total 65536K, used 23045K [0x000000070a600000, 0x0000000800000000)
  region size 2048K, 2 young (4096K), 2 survivors (4096K)
 Metaspace       used 34994K, committed 35584K, reserved 1114112K
  class space    used 4399K, committed 4672K, reserved 1048576K
}
Event: 5.399 GC heap before
{Heap before GC invocations=7 (full 0):
 garbage-first heap   total 65536K, used 25093K [0x000000070a600000, 0x0000000800000000)
  region size 2048K, 4 young (8192K), 2 survivors (4096K)
 Metaspace       used 35426K, committed 35968K, reserved 1114112K
  class space    used 4466K, committed 4736K, reserved 1048576K
}
Event: 5.401 GC heap after
{Heap after GC invocations=8 (full 0):
 garbage-first heap   total 65536K, used 23211K [0x000000070a600000, 0x0000000800000000)
  region size 2048K, 2 young (4096K), 2 survivors (4096K)
 Metaspace       used 35426K, committed 35968K, reserved 1114112K
  class space    used 4466K, committed 4736K, reserved 1048576K
}
Event: 6.433 GC heap before
{Heap before GC invocations=9 (full 0):
 garbage-first heap   total 65536K, used 49835K [0x000000070a600000, 0x0000000800000000)
  region size 2048K, 15 young (30720K), 2 survivors (4096K)
 Metaspace       used 42082K, committed 42688K, reserved 1114112K
  class space    used 5229K, committed 5504K, reserved 1048576K
}
Event: 6.437 GC heap after
{Heap after GC invocations=10 (full 0):
 garbage-first heap   total 65536K, used 25228K [0x000000070a600000, 0x0000000800000000)
  region size 2048K, 2 young (4096K), 2 survivors (4096K)
 Metaspace       used 42082K, committed 42688K, reserved 1114112K
  class space    used 5229K, committed 5504K, reserved 1048576K
}
Event: 7.796 GC heap before
{Heap before GC invocations=10 (full 0):
 garbage-first heap   total 65536K, used 49804K [0x000000070a600000, 0x0000000800000000)
  region size 2048K, 15 young (30720K), 2 survivors (4096K)
 Metaspace       used 47646K, committed 48192K, reserved 1114112K
  class space    used 6128K, committed 6400K, reserved 1048576K
}
Event: 7.800 GC heap after
{Heap after GC invocations=11 (full 0):
 garbage-first heap   total 65536K, used 26401K [0x000000070a600000, 0x0000000800000000)
  region size 2048K, 2 young (4096K), 2 survivors (4096K)
 Metaspace       used 47646K, committed 48192K, reserved 1114112K
  class space    used 6128K, committed 6400K, reserved 1048576K
}
Event: 8.452 GC heap before
{Heap before GC invocations=11 (full 0):
 garbage-first heap   total 65536K, used 55073K [0x000000070a600000, 0x0000000800000000)
  region size 2048K, 16 young (32768K), 2 survivors (4096K)
 Metaspace       used 53896K, committed 54528K, reserved 1114112K
  class space    used 6968K, committed 7232K, reserved 1048576K
}
Event: 8.460 GC heap after
{Heap after GC invocations=12 (full 0):
 garbage-first heap   total 65536K, used 27848K [0x000000070a600000, 0x0000000800000000)
  region size 2048K, 2 young (4096K), 2 survivors (4096K)
 Metaspace       used 53896K, committed 54528K, reserved 1114112K
  class space    used 6968K, committed 7232K, reserved 1048576K
}
Event: 8.969 GC heap before
{Heap before GC invocations=12 (full 0):
 garbage-first heap   total 65536K, used 44232K [0x000000070a600000, 0x0000000800000000)
  region size 2048K, 12 young (24576K), 2 survivors (4096K)
 Metaspace       used 59547K, committed 60096K, reserved 1114112K
  class space    used 7898K, committed 8128K, reserved 1048576K
}
Event: 8.973 GC heap after
{Heap after GC invocations=13 (full 0):
 garbage-first heap   total 65536K, used 28820K [0x000000070a600000, 0x0000000800000000)
  region size 2048K, 2 young (4096K), 2 survivors (4096K)
 Metaspace       used 59547K, committed 60096K, reserved 1114112K
  class space    used 7898K, committed 8128K, reserved 1048576K
}
Event: 9.611 GC heap before
{Heap before GC invocations=14 (full 0):
 garbage-first heap   total 65536K, used 51348K [0x000000070a600000, 0x0000000800000000)
  region size 2048K, 14 young (28672K), 2 survivors (4096K)
 Metaspace       used 63923K, committed 64576K, reserved 1114112K
  class space    used 8604K, committed 8896K, reserved 1048576K
}
Event: 9.615 GC heap after
{Heap after GC invocations=15 (full 0):
 garbage-first heap   total 83968K, used 30734K [0x000000070a600000, 0x0000000800000000)
  region size 2048K, 2 young (4096K), 2 survivors (4096K)
 Metaspace       used 63923K, committed 64576K, reserved 1114112K
  class space    used 8604K, committed 8896K, reserved 1048576K
}
Event: 11.252 GC heap before
{Heap before GC invocations=15 (full 0):
 garbage-first heap   total 83968K, used 71694K [0x000000070a600000, 0x0000000800000000)
  region size 2048K, 22 young (45056K), 2 survivors (4096K)
 Metaspace       used 69861K, committed 70592K, reserved 1114112K
  class space    used 9385K, committed 9728K, reserved 1048576K
}
Event: 11.259 GC heap after
{Heap after GC invocations=16 (full 0):
 garbage-first heap   total 83968K, used 33701K [0x000000070a600000, 0x0000000800000000)
  region size 2048K, 3 young (6144K), 3 survivors (6144K)
 Metaspace       used 69861K, committed 70592K, reserved 1114112K
  class space    used 9385K, committed 9728K, reserved 1048576K
}
Event: 34.990 GC heap before
{Heap before GC invocations=16 (full 0):
 garbage-first heap   total 83968K, used 68517K [0x000000070a600000, 0x0000000800000000)
  region size 2048K, 21 young (43008K), 3 survivors (6144K)
 Metaspace       used 77173K, committed 77952K, reserved 1179648K
  class space    used 10343K, committed 10688K, reserved 1048576K
}
Event: 35.004 GC heap after
{Heap after GC invocations=17 (full 0):
 garbage-first heap   total 83968K, used 37007K [0x000000070a600000, 0x0000000800000000)
  region size 2048K, 2 young (4096K), 2 survivors (4096K)
 Metaspace       used 77173K, committed 77952K, reserved 1179648K
  class space    used 10343K, committed 10688K, reserved 1048576K
}
Event: 37.407 GC heap before
{Heap before GC invocations=17 (full 0):
 garbage-first heap   total 83968K, used 69775K [0x000000070a600000, 0x0000000800000000)
  region size 2048K, 19 young (38912K), 2 survivors (4096K)
 Metaspace       used 84875K, committed 85696K, reserved 1179648K
  class space    used 10975K, committed 11328K, reserved 1048576K
}
Event: 37.416 GC heap after
{Heap after GC invocations=18 (full 0):
 garbage-first heap   total 83968K, used 39144K [0x000000070a600000, 0x0000000800000000)
  region size 2048K, 3 young (6144K), 3 survivors (6144K)
 Metaspace       used 84875K, committed 85696K, reserved 1179648K
  class space    used 10975K, committed 11328K, reserved 1048576K
}

